C:\USERS\LENOVO\DESKTOP\CACHING_INTERFERENCE\CACHING_INTERFERENCE\DEBUG\CACHING_INTERFERENCE.EXE.INTERMEDIATE.MANIFEST
C:\USERS\LENOVO\DESKTOP\CACHING_INTERFERENCE\CACHING_INTERFERENCE\DEBUG\FUNCTION.OBJ
C:\USERS\LENOVO\DESKTOP\CACHING_INTERFERENCE\CACHING_INTERFERENCE\DEBUG\MAIN.OBJ
C:\USERS\LENOVO\DESKTOP\CACHING_INTERFERENCE\CACHING_INTERFERENCE\DEBUG\NODE.OBJ
C:\USERS\LENOVO\DESKTOP\CACHING_INTERFERENCE\CACHING_INTERFERENCE\DEBUG\REQUEST.OBJ
C:\USERS\LENOVO\DESKTOP\CACHING_INTERFERENCE\CACHING_INTERFERENCE\DEBUG\ST.OBJ
C:\USERS\LENOVO\DESKTOP\CACHING_INTERFERENCE\CACHING_INTERFERENCE\DEBUG\VC100.PDB
C:\USERS\LENOVO\DESKTOP\CACHING_INTERFERENCE\DEBUG\CACHING_INTERFERENCE.EXE
C:\USERS\LENOVO\DESKTOP\CACHING_INTERFERENCE\DEBUG\CACHING_INTERFERENCE.EXE.MANIFEST
C:\USERS\LENOVO\DESKTOP\CACHING_INTERFERENCE\DEBUG\CACHING_INTERFERENCE.ILK
C:\USERS\LENOVO\DESKTOP\CACHING_INTERFERENCE\DEBUG\CACHING_INTERFERENCE.PDB
F:\仿真代码\1--VTC文章优化模型的仿真\CACHING_INTERFERENCE\CACHING_INTERFERENCE\DEBUG\CACHING_INTERFERENCE.EXE.INTERMEDIATE.MANIFEST
F:\仿真代码\1--VTC文章优化模型的仿真\caching_interference\caching_interference\Debug\caching_interference.vcxprojResolveAssemblyReference.cache
F:\仿真代码\1--VTC文章优化模型的仿真\caching_interference\caching_interference\Debug\caching_interference.write.1.tlog
F:\仿真代码\1--VTC文章优化模型的仿真\caching_interference\caching_interference\Debug\cl.command.1.tlog
F:\仿真代码\1--VTC文章优化模型的仿真\caching_interference\caching_interference\Debug\CL.read.1.tlog
F:\仿真代码\1--VTC文章优化模型的仿真\caching_interference\caching_interference\Debug\CL.write.1.tlog
F:\仿真代码\1--VTC文章优化模型的仿真\CACHING_INTERFERENCE\CACHING_INTERFERENCE\DEBUG\FUNCTION.OBJ
F:\仿真代码\1--VTC文章优化模型的仿真\caching_interference\caching_interference\Debug\link.6656.read.1.tlog
F:\仿真代码\1--VTC文章优化模型的仿真\caching_interference\caching_interference\Debug\link.6656.write.1.tlog
F:\仿真代码\1--VTC文章优化模型的仿真\caching_interference\caching_interference\Debug\link.command.1.tlog
F:\仿真代码\1--VTC文章优化模型的仿真\caching_interference\caching_interference\Debug\link.read.1.tlog
F:\仿真代码\1--VTC文章优化模型的仿真\caching_interference\caching_interference\Debug\link.write.1.tlog
F:\仿真代码\1--VTC文章优化模型的仿真\CACHING_INTERFERENCE\CACHING_INTERFERENCE\DEBUG\MAIN.OBJ
F:\仿真代码\1--VTC文章优化模型的仿真\caching_interference\caching_interference\Debug\mt.command.1.tlog
F:\仿真代码\1--VTC文章优化模型的仿真\caching_interference\caching_interference\Debug\mt.read.1.tlog
F:\仿真代码\1--VTC文章优化模型的仿真\caching_interference\caching_interference\Debug\mt.write.1.tlog
F:\仿真代码\1--VTC文章优化模型的仿真\CACHING_INTERFERENCE\CACHING_INTERFERENCE\DEBUG\NODE.OBJ
F:\仿真代码\1--VTC文章优化模型的仿真\CACHING_INTERFERENCE\CACHING_INTERFERENCE\DEBUG\REQUEST.OBJ
F:\仿真代码\1--VTC文章优化模型的仿真\CACHING_INTERFERENCE\CACHING_INTERFERENCE\DEBUG\ST.OBJ
F:\仿真代码\1--VTC文章优化模型的仿真\caching_interference\caching_interference\Debug\vc100.idb
F:\仿真代码\1--VTC文章优化模型的仿真\CACHING_INTERFERENCE\CACHING_INTERFERENCE\DEBUG\VC100.PDB
F:\仿真代码\1--VTC文章优化模型的仿真\CACHING_INTERFERENCE\DEBUG\CACHING_INTERFERENCE.EXE
F:\仿真代码\1--VTC文章优化模型的仿真\caching_interference\Debug\caching_interference.exe.manifest
F:\仿真代码\1--VTC文章优化模型的仿真\CACHING_INTERFERENCE\DEBUG\CACHING_INTERFERENCE.ILK
F:\仿真代码\1--VTC文章优化模型的仿真\CACHING_INTERFERENCE\DEBUG\CACHING_INTERFERENCE.PDB
